ARM GAS  C:\Users\Patrick\AppData\Local\Temp\ccomnPe8.s 			page 1


   1              		.cpu cortex-m3
   2              		.eabi_attribute 20, 1
   3              		.eabi_attribute 21, 1
   4              		.eabi_attribute 23, 3
   5              		.eabi_attribute 24, 1
   6              		.eabi_attribute 25, 1
   7              		.eabi_attribute 26, 1
   8              		.eabi_attribute 30, 1
   9              		.eabi_attribute 34, 1
  10              		.eabi_attribute 18, 4
  11              		.file	"dma.c"
  12              		.text
  13              	.Ltext0:
  14              		.cfi_sections	.debug_frame
  15              		.section	.text.MX_DMA_Init,"ax",%progbits
  16              		.align	1
  17              		.global	MX_DMA_Init
  18              		.syntax unified
  19              		.thumb
  20              		.thumb_func
  21              		.fpu softvfp
  23              	MX_DMA_Init:
  24              	.LFB66:
  25              		.file 1 "Src/dma.c"
   1:Src/dma.c     **** /**
   2:Src/dma.c     ****   ******************************************************************************
   3:Src/dma.c     ****   * File Name          : dma.c
   4:Src/dma.c     ****   * Description        : This file provides code for the configuration
   5:Src/dma.c     ****   *                      of all the requested memory to memory DMA transfers.
   6:Src/dma.c     ****   ******************************************************************************
   7:Src/dma.c     ****   * @attention
   8:Src/dma.c     ****   *
   9:Src/dma.c     ****   * <h2><center>&copy; Copyright (c) 2019 STMicroelectronics.
  10:Src/dma.c     ****   * All rights reserved.</center></h2>
  11:Src/dma.c     ****   *
  12:Src/dma.c     ****   * This software component is licensed by ST under BSD 3-Clause license,
  13:Src/dma.c     ****   * the "License"; You may not use this file except in compliance with the
  14:Src/dma.c     ****   * License. You may obtain a copy of the License at:
  15:Src/dma.c     ****   *                        opensource.org/licenses/BSD-3-Clause
  16:Src/dma.c     ****   *
  17:Src/dma.c     ****   ******************************************************************************
  18:Src/dma.c     ****   */
  19:Src/dma.c     **** /* Includes ------------------------------------------------------------------*/
  20:Src/dma.c     **** #include "dma.h"
  21:Src/dma.c     **** 
  22:Src/dma.c     **** /* USER CODE BEGIN 0 */
  23:Src/dma.c     **** 
  24:Src/dma.c     **** /* USER CODE END 0 */
  25:Src/dma.c     **** 
  26:Src/dma.c     **** /*----------------------------------------------------------------------------*/
  27:Src/dma.c     **** /* Configure DMA                                                              */
  28:Src/dma.c     **** /*----------------------------------------------------------------------------*/
  29:Src/dma.c     **** 
  30:Src/dma.c     **** /* USER CODE BEGIN 1 */
  31:Src/dma.c     **** 
  32:Src/dma.c     **** /* USER CODE END 1 */
  33:Src/dma.c     **** 
ARM GAS  C:\Users\Patrick\AppData\Local\Temp\ccomnPe8.s 			page 2


  34:Src/dma.c     **** /** 
  35:Src/dma.c     ****   * Enable DMA controller clock
  36:Src/dma.c     ****   */
  37:Src/dma.c     **** void MX_DMA_Init(void) 
  38:Src/dma.c     **** {
  26              		.loc 1 38 0
  27              		.cfi_startproc
  28              		@ args = 0, pretend = 0, frame = 8
  29              		@ frame_needed = 0, uses_anonymous_args = 0
  30 0000 00B5     		push	{lr}
  31              	.LCFI0:
  32              		.cfi_def_cfa_offset 4
  33              		.cfi_offset 14, -4
  34 0002 83B0     		sub	sp, sp, #12
  35              	.LCFI1:
  36              		.cfi_def_cfa_offset 16
  37              	.LBB2:
  39:Src/dma.c     ****   /* DMA controller clock enable */
  40:Src/dma.c     ****   __HAL_RCC_DMA1_CLK_ENABLE();
  38              		.loc 1 40 0
  39 0004 124B     		ldr	r3, .L3
  40 0006 5A69     		ldr	r2, [r3, #20]
  41 0008 42F00102 		orr	r2, r2, #1
  42 000c 5A61     		str	r2, [r3, #20]
  43 000e 5B69     		ldr	r3, [r3, #20]
  44 0010 03F00103 		and	r3, r3, #1
  45 0014 0193     		str	r3, [sp, #4]
  46 0016 019B     		ldr	r3, [sp, #4]
  47              	.LBE2:
  41:Src/dma.c     **** 
  42:Src/dma.c     ****   /* DMA interrupt init */
  43:Src/dma.c     ****   /* DMA1_Channel1_IRQn interrupt configuration */
  44:Src/dma.c     ****   HAL_NVIC_SetPriority(DMA1_Channel1_IRQn, 0, 0);
  48              		.loc 1 44 0
  49 0018 0022     		movs	r2, #0
  50 001a 1146     		mov	r1, r2
  51 001c 0B20     		movs	r0, #11
  52 001e FFF7FEFF 		bl	HAL_NVIC_SetPriority
  53              	.LVL0:
  45:Src/dma.c     ****   HAL_NVIC_EnableIRQ(DMA1_Channel1_IRQn);
  54              		.loc 1 45 0
  55 0022 0B20     		movs	r0, #11
  56 0024 FFF7FEFF 		bl	HAL_NVIC_EnableIRQ
  57              	.LVL1:
  46:Src/dma.c     ****   /* DMA1_Channel2_IRQn interrupt configuration */
  47:Src/dma.c     ****   HAL_NVIC_SetPriority(DMA1_Channel2_IRQn, 0, 0);
  58              		.loc 1 47 0
  59 0028 0022     		movs	r2, #0
  60 002a 1146     		mov	r1, r2
  61 002c 0C20     		movs	r0, #12
  62 002e FFF7FEFF 		bl	HAL_NVIC_SetPriority
  63              	.LVL2:
  48:Src/dma.c     ****   HAL_NVIC_EnableIRQ(DMA1_Channel2_IRQn);
  64              		.loc 1 48 0
  65 0032 0C20     		movs	r0, #12
  66 0034 FFF7FEFF 		bl	HAL_NVIC_EnableIRQ
  67              	.LVL3:
ARM GAS  C:\Users\Patrick\AppData\Local\Temp\ccomnPe8.s 			page 3


  49:Src/dma.c     ****   /* DMA1_Channel3_IRQn interrupt configuration */
  50:Src/dma.c     ****   HAL_NVIC_SetPriority(DMA1_Channel3_IRQn, 0, 0);
  68              		.loc 1 50 0
  69 0038 0022     		movs	r2, #0
  70 003a 1146     		mov	r1, r2
  71 003c 0D20     		movs	r0, #13
  72 003e FFF7FEFF 		bl	HAL_NVIC_SetPriority
  73              	.LVL4:
  51:Src/dma.c     ****   HAL_NVIC_EnableIRQ(DMA1_Channel3_IRQn);
  74              		.loc 1 51 0
  75 0042 0D20     		movs	r0, #13
  76 0044 FFF7FEFF 		bl	HAL_NVIC_EnableIRQ
  77              	.LVL5:
  52:Src/dma.c     **** 
  53:Src/dma.c     **** }
  78              		.loc 1 53 0
  79 0048 03B0     		add	sp, sp, #12
  80              	.LCFI2:
  81              		.cfi_def_cfa_offset 4
  82              		@ sp needed
  83 004a 5DF804FB 		ldr	pc, [sp], #4
  84              	.L4:
  85 004e 00BF     		.align	2
  86              	.L3:
  87 0050 00100240 		.word	1073876992
  88              		.cfi_endproc
  89              	.LFE66:
  91              		.text
  92              	.Letext0:
  93              		.file 2 "c:\\program files (x86)\\embedded toolchain\\gnu tools arm embedded\\7 2017-q4-major\\arm
  94              		.file 3 "c:\\program files (x86)\\embedded toolchain\\gnu tools arm embedded\\7 2017-q4-major\\arm
  95              		.file 4 "Drivers/CMSIS/Include/core_cm3.h"
  96              		.file 5 "Drivers/CMSIS/Device/ST/STM32F1xx/Include/system_stm32f1xx.h"
  97              		.file 6 "Drivers/CMSIS/Device/ST/STM32F1xx/Include/stm32f103xb.h"
  98              		.file 7 "c:\\program files (x86)\\embedded toolchain\\gnu tools arm embedded\\7 2017-q4-major\\arm
  99              		.file 8 "c:\\program files (x86)\\embedded toolchain\\gnu tools arm embedded\\7 2017-q4-major\\arm
 100              		.file 9 "c:\\program files (x86)\\embedded toolchain\\gnu tools arm embedded\\7 2017-q4-major\\lib
 101              		.file 10 "c:\\program files (x86)\\embedded toolchain\\gnu tools arm embedded\\7 2017-q4-major\\ar
 102              		.file 11 "Drivers/STM32F1xx_HAL_Driver/Inc/stm32f1xx_hal.h"
 103              		.file 12 "Drivers/STM32F1xx_HAL_Driver/Inc/stm32f1xx_hal_cortex.h"
ARM GAS  C:\Users\Patrick\AppData\Local\Temp\ccomnPe8.s 			page 4


DEFINED SYMBOLS
                            *ABS*:00000000 dma.c
C:\Users\Patrick\AppData\Local\Temp\ccomnPe8.s:16     .text.MX_DMA_Init:00000000 $t
C:\Users\Patrick\AppData\Local\Temp\ccomnPe8.s:23     .text.MX_DMA_Init:00000000 MX_DMA_Init
C:\Users\Patrick\AppData\Local\Temp\ccomnPe8.s:87     .text.MX_DMA_Init:00000050 $d

UNDEFINED SYMBOLS
HAL_NVIC_SetPriority
HAL_NVIC_EnableIRQ
