ARM GAS  C:\Users\Patrick\AppData\Local\Temp\cc5cs1Ol.s 			page 1


   1              		.cpu cortex-m3
   2              		.eabi_attribute 20, 1
   3              		.eabi_attribute 21, 1
   4              		.eabi_attribute 23, 3
   5              		.eabi_attribute 24, 1
   6              		.eabi_attribute 25, 1
   7              		.eabi_attribute 26, 1
   8              		.eabi_attribute 30, 1
   9              		.eabi_attribute 34, 1
  10              		.eabi_attribute 18, 4
  11              		.file	"tim.c"
  12              		.text
  13              	.Ltext0:
  14              		.cfi_sections	.debug_frame
  15              		.section	.text.MX_TIM3_Init,"ax",%progbits
  16              		.align	1
  17              		.global	MX_TIM3_Init
  18              		.syntax unified
  19              		.thumb
  20              		.thumb_func
  21              		.fpu softvfp
  23              	MX_TIM3_Init:
  24              	.LFB66:
  25              		.file 1 "Src/tim.c"
   1:Src/tim.c     **** /**
   2:Src/tim.c     ****   ******************************************************************************
   3:Src/tim.c     ****   * File Name          : TIM.c
   4:Src/tim.c     ****   * Description        : This file provides code for the configuration
   5:Src/tim.c     ****   *                      of the TIM instances.
   6:Src/tim.c     ****   ******************************************************************************
   7:Src/tim.c     ****   * @attention
   8:Src/tim.c     ****   *
   9:Src/tim.c     ****   * <h2><center>&copy; Copyright (c) 2019 STMicroelectronics.
  10:Src/tim.c     ****   * All rights reserved.</center></h2>
  11:Src/tim.c     ****   *
  12:Src/tim.c     ****   * This software component is licensed by ST under BSD 3-Clause license,
  13:Src/tim.c     ****   * the "License"; You may not use this file except in compliance with the
  14:Src/tim.c     ****   * License. You may obtain a copy of the License at:
  15:Src/tim.c     ****   *                        opensource.org/licenses/BSD-3-Clause
  16:Src/tim.c     ****   *
  17:Src/tim.c     ****   ******************************************************************************
  18:Src/tim.c     ****   */
  19:Src/tim.c     **** 
  20:Src/tim.c     **** /* Includes ------------------------------------------------------------------*/
  21:Src/tim.c     **** #include "tim.h"
  22:Src/tim.c     **** 
  23:Src/tim.c     **** /* USER CODE BEGIN 0 */
  24:Src/tim.c     **** 
  25:Src/tim.c     **** /* USER CODE END 0 */
  26:Src/tim.c     **** 
  27:Src/tim.c     **** TIM_HandleTypeDef htim3;
  28:Src/tim.c     **** 
  29:Src/tim.c     **** /* TIM3 init function */
  30:Src/tim.c     **** void MX_TIM3_Init(void)
  31:Src/tim.c     **** {
  26              		.loc 1 31 0
  27              		.cfi_startproc
ARM GAS  C:\Users\Patrick\AppData\Local\Temp\cc5cs1Ol.s 			page 2


  28              		@ args = 0, pretend = 0, frame = 24
  29              		@ frame_needed = 0, uses_anonymous_args = 0
  30 0000 00B5     		push	{lr}
  31              	.LCFI0:
  32              		.cfi_def_cfa_offset 4
  33              		.cfi_offset 14, -4
  34 0002 87B0     		sub	sp, sp, #28
  35              	.LCFI1:
  36              		.cfi_def_cfa_offset 32
  32:Src/tim.c     ****   TIM_ClockConfigTypeDef sClockSourceConfig = {0};
  37              		.loc 1 32 0
  38 0004 0023     		movs	r3, #0
  39 0006 0293     		str	r3, [sp, #8]
  40 0008 0393     		str	r3, [sp, #12]
  41 000a 0493     		str	r3, [sp, #16]
  42 000c 0593     		str	r3, [sp, #20]
  33:Src/tim.c     ****   TIM_MasterConfigTypeDef sMasterConfig = {0};
  43              		.loc 1 33 0
  44 000e 0093     		str	r3, [sp]
  45 0010 0193     		str	r3, [sp, #4]
  34:Src/tim.c     **** 
  35:Src/tim.c     ****   htim3.Instance = TIM3;
  46              		.loc 1 35 0
  47 0012 1648     		ldr	r0, .L9
  48 0014 164A     		ldr	r2, .L9+4
  49 0016 0260     		str	r2, [r0]
  36:Src/tim.c     ****   htim3.Init.Prescaler = 128;
  50              		.loc 1 36 0
  51 0018 8022     		movs	r2, #128
  52 001a 4260     		str	r2, [r0, #4]
  37:Src/tim.c     ****   htim3.Init.CounterMode = TIM_COUNTERMODE_UP;
  53              		.loc 1 37 0
  54 001c 8360     		str	r3, [r0, #8]
  38:Src/tim.c     ****   htim3.Init.Period = 2789;
  55              		.loc 1 38 0
  56 001e 40F6E522 		movw	r2, #2789
  57 0022 C260     		str	r2, [r0, #12]
  39:Src/tim.c     ****   htim3.Init.ClockDivision = TIM_CLOCKDIVISION_DIV1;
  58              		.loc 1 39 0
  59 0024 0361     		str	r3, [r0, #16]
  40:Src/tim.c     ****   htim3.Init.AutoReloadPreload = TIM_AUTORELOAD_PRELOAD_DISABLE;
  60              		.loc 1 40 0
  61 0026 8361     		str	r3, [r0, #24]
  41:Src/tim.c     ****   if (HAL_TIM_Base_Init(&htim3) != HAL_OK)
  62              		.loc 1 41 0
  63 0028 FFF7FEFF 		bl	HAL_TIM_Base_Init
  64              	.LVL0:
  65 002c A0B9     		cbnz	r0, .L6
  66              	.L2:
  42:Src/tim.c     ****   {
  43:Src/tim.c     ****     Error_Handler();
  44:Src/tim.c     ****   }
  45:Src/tim.c     ****   sClockSourceConfig.ClockSource = TIM_CLOCKSOURCE_INTERNAL;
  67              		.loc 1 45 0
  68 002e 06A9     		add	r1, sp, #24
  69 0030 4FF48053 		mov	r3, #4096
  70 0034 41F8103D 		str	r3, [r1, #-16]!
ARM GAS  C:\Users\Patrick\AppData\Local\Temp\cc5cs1Ol.s 			page 3


  46:Src/tim.c     ****   if (HAL_TIM_ConfigClockSource(&htim3, &sClockSourceConfig) != HAL_OK)
  71              		.loc 1 46 0
  72 0038 0C48     		ldr	r0, .L9
  73 003a FFF7FEFF 		bl	HAL_TIM_ConfigClockSource
  74              	.LVL1:
  75 003e 70B9     		cbnz	r0, .L7
  76              	.L3:
  47:Src/tim.c     ****   {
  48:Src/tim.c     ****     Error_Handler();
  49:Src/tim.c     ****   }
  50:Src/tim.c     ****   sMasterConfig.MasterOutputTrigger = TIM_TRGO_UPDATE;
  77              		.loc 1 50 0
  78 0040 2023     		movs	r3, #32
  79 0042 0093     		str	r3, [sp]
  51:Src/tim.c     ****   sMasterConfig.MasterSlaveMode = TIM_MASTERSLAVEMODE_DISABLE;
  80              		.loc 1 51 0
  81 0044 0023     		movs	r3, #0
  82 0046 0193     		str	r3, [sp, #4]
  52:Src/tim.c     ****   if (HAL_TIMEx_MasterConfigSynchronization(&htim3, &sMasterConfig) != HAL_OK)
  83              		.loc 1 52 0
  84 0048 6946     		mov	r1, sp
  85 004a 0848     		ldr	r0, .L9
  86 004c FFF7FEFF 		bl	HAL_TIMEx_MasterConfigSynchronization
  87              	.LVL2:
  88 0050 40B9     		cbnz	r0, .L8
  89              	.L1:
  53:Src/tim.c     ****   {
  54:Src/tim.c     ****     Error_Handler();
  55:Src/tim.c     ****   }
  56:Src/tim.c     **** 
  57:Src/tim.c     **** }
  90              		.loc 1 57 0
  91 0052 07B0     		add	sp, sp, #28
  92              	.LCFI2:
  93              		.cfi_remember_state
  94              		.cfi_def_cfa_offset 4
  95              		@ sp needed
  96 0054 5DF804FB 		ldr	pc, [sp], #4
  97              	.L6:
  98              	.LCFI3:
  99              		.cfi_restore_state
  43:Src/tim.c     ****   }
 100              		.loc 1 43 0
 101 0058 FFF7FEFF 		bl	Error_Handler
 102              	.LVL3:
 103 005c E7E7     		b	.L2
 104              	.L7:
  48:Src/tim.c     ****   }
 105              		.loc 1 48 0
 106 005e FFF7FEFF 		bl	Error_Handler
 107              	.LVL4:
 108 0062 EDE7     		b	.L3
 109              	.L8:
  54:Src/tim.c     ****   }
 110              		.loc 1 54 0
 111 0064 FFF7FEFF 		bl	Error_Handler
 112              	.LVL5:
ARM GAS  C:\Users\Patrick\AppData\Local\Temp\cc5cs1Ol.s 			page 4


 113              		.loc 1 57 0
 114 0068 F3E7     		b	.L1
 115              	.L10:
 116 006a 00BF     		.align	2
 117              	.L9:
 118 006c 00000000 		.word	htim3
 119 0070 00040040 		.word	1073742848
 120              		.cfi_endproc
 121              	.LFE66:
 123              		.section	.text.HAL_TIM_Base_MspInit,"ax",%progbits
 124              		.align	1
 125              		.global	HAL_TIM_Base_MspInit
 126              		.syntax unified
 127              		.thumb
 128              		.thumb_func
 129              		.fpu softvfp
 131              	HAL_TIM_Base_MspInit:
 132              	.LFB67:
  58:Src/tim.c     **** 
  59:Src/tim.c     **** void HAL_TIM_Base_MspInit(TIM_HandleTypeDef* tim_baseHandle)
  60:Src/tim.c     **** {
 133              		.loc 1 60 0
 134              		.cfi_startproc
 135              		@ args = 0, pretend = 0, frame = 8
 136              		@ frame_needed = 0, uses_anonymous_args = 0
 137              	.LVL6:
  61:Src/tim.c     **** 
  62:Src/tim.c     ****   if(tim_baseHandle->Instance==TIM3)
 138              		.loc 1 62 0
 139 0000 0268     		ldr	r2, [r0]
 140 0002 0E4B     		ldr	r3, .L18
 141 0004 9A42     		cmp	r2, r3
 142 0006 00D0     		beq	.L17
 143 0008 7047     		bx	lr
 144              	.L17:
  60:Src/tim.c     **** 
 145              		.loc 1 60 0
 146 000a 00B5     		push	{lr}
 147              	.LCFI4:
 148              		.cfi_def_cfa_offset 4
 149              		.cfi_offset 14, -4
 150 000c 83B0     		sub	sp, sp, #12
 151              	.LCFI5:
 152              		.cfi_def_cfa_offset 16
 153              	.LBB2:
  63:Src/tim.c     ****   {
  64:Src/tim.c     ****   /* USER CODE BEGIN TIM3_MspInit 0 */
  65:Src/tim.c     **** 
  66:Src/tim.c     ****   /* USER CODE END TIM3_MspInit 0 */
  67:Src/tim.c     ****     /* TIM3 clock enable */
  68:Src/tim.c     ****     __HAL_RCC_TIM3_CLK_ENABLE();
 154              		.loc 1 68 0
 155 000e 03F50333 		add	r3, r3, #134144
 156 0012 DA69     		ldr	r2, [r3, #28]
 157 0014 42F00202 		orr	r2, r2, #2
 158 0018 DA61     		str	r2, [r3, #28]
 159 001a DB69     		ldr	r3, [r3, #28]
ARM GAS  C:\Users\Patrick\AppData\Local\Temp\cc5cs1Ol.s 			page 5


 160 001c 03F00203 		and	r3, r3, #2
 161 0020 0193     		str	r3, [sp, #4]
 162 0022 019B     		ldr	r3, [sp, #4]
 163              	.LBE2:
  69:Src/tim.c     **** 
  70:Src/tim.c     ****     /* TIM3 interrupt Init */
  71:Src/tim.c     ****     HAL_NVIC_SetPriority(TIM3_IRQn, 1, 0);
 164              		.loc 1 71 0
 165 0024 0022     		movs	r2, #0
 166 0026 0121     		movs	r1, #1
 167 0028 1D20     		movs	r0, #29
 168              	.LVL7:
 169 002a FFF7FEFF 		bl	HAL_NVIC_SetPriority
 170              	.LVL8:
  72:Src/tim.c     ****     HAL_NVIC_EnableIRQ(TIM3_IRQn);
 171              		.loc 1 72 0
 172 002e 1D20     		movs	r0, #29
 173 0030 FFF7FEFF 		bl	HAL_NVIC_EnableIRQ
 174              	.LVL9:
  73:Src/tim.c     ****   /* USER CODE BEGIN TIM3_MspInit 1 */
  74:Src/tim.c     **** 
  75:Src/tim.c     ****   /* USER CODE END TIM3_MspInit 1 */
  76:Src/tim.c     ****   }
  77:Src/tim.c     **** }
 175              		.loc 1 77 0
 176 0034 03B0     		add	sp, sp, #12
 177              	.LCFI6:
 178              		.cfi_def_cfa_offset 4
 179              		@ sp needed
 180 0036 5DF804FB 		ldr	pc, [sp], #4
 181              	.L19:
 182 003a 00BF     		.align	2
 183              	.L18:
 184 003c 00040040 		.word	1073742848
 185              		.cfi_endproc
 186              	.LFE67:
 188              		.section	.text.HAL_TIM_Base_MspDeInit,"ax",%progbits
 189              		.align	1
 190              		.global	HAL_TIM_Base_MspDeInit
 191              		.syntax unified
 192              		.thumb
 193              		.thumb_func
 194              		.fpu softvfp
 196              	HAL_TIM_Base_MspDeInit:
 197              	.LFB68:
  78:Src/tim.c     **** 
  79:Src/tim.c     **** void HAL_TIM_Base_MspDeInit(TIM_HandleTypeDef* tim_baseHandle)
  80:Src/tim.c     **** {
 198              		.loc 1 80 0
 199              		.cfi_startproc
 200              		@ args = 0, pretend = 0, frame = 0
 201              		@ frame_needed = 0, uses_anonymous_args = 0
 202              	.LVL10:
 203 0000 08B5     		push	{r3, lr}
 204              	.LCFI7:
 205              		.cfi_def_cfa_offset 8
 206              		.cfi_offset 3, -8
ARM GAS  C:\Users\Patrick\AppData\Local\Temp\cc5cs1Ol.s 			page 6


 207              		.cfi_offset 14, -4
  81:Src/tim.c     **** 
  82:Src/tim.c     ****   if(tim_baseHandle->Instance==TIM3)
 208              		.loc 1 82 0
 209 0002 0268     		ldr	r2, [r0]
 210 0004 064B     		ldr	r3, .L24
 211 0006 9A42     		cmp	r2, r3
 212 0008 00D0     		beq	.L23
 213              	.LVL11:
 214              	.L20:
  83:Src/tim.c     ****   {
  84:Src/tim.c     ****   /* USER CODE BEGIN TIM3_MspDeInit 0 */
  85:Src/tim.c     **** 
  86:Src/tim.c     ****   /* USER CODE END TIM3_MspDeInit 0 */
  87:Src/tim.c     ****     /* Peripheral clock disable */
  88:Src/tim.c     ****     __HAL_RCC_TIM3_CLK_DISABLE();
  89:Src/tim.c     **** 
  90:Src/tim.c     ****     /* TIM3 interrupt Deinit */
  91:Src/tim.c     ****     HAL_NVIC_DisableIRQ(TIM3_IRQn);
  92:Src/tim.c     ****   /* USER CODE BEGIN TIM3_MspDeInit 1 */
  93:Src/tim.c     **** 
  94:Src/tim.c     ****   /* USER CODE END TIM3_MspDeInit 1 */
  95:Src/tim.c     ****   }
  96:Src/tim.c     **** } 
 215              		.loc 1 96 0
 216 000a 08BD     		pop	{r3, pc}
 217              	.LVL12:
 218              	.L23:
  88:Src/tim.c     **** 
 219              		.loc 1 88 0
 220 000c 054A     		ldr	r2, .L24+4
 221 000e D369     		ldr	r3, [r2, #28]
 222 0010 23F00203 		bic	r3, r3, #2
 223 0014 D361     		str	r3, [r2, #28]
  91:Src/tim.c     ****   /* USER CODE BEGIN TIM3_MspDeInit 1 */
 224              		.loc 1 91 0
 225 0016 1D20     		movs	r0, #29
 226              	.LVL13:
 227 0018 FFF7FEFF 		bl	HAL_NVIC_DisableIRQ
 228              	.LVL14:
 229              		.loc 1 96 0
 230 001c F5E7     		b	.L20
 231              	.L25:
 232 001e 00BF     		.align	2
 233              	.L24:
 234 0020 00040040 		.word	1073742848
 235 0024 00100240 		.word	1073876992
 236              		.cfi_endproc
 237              	.LFE68:
 239              		.comm	htim3,64,4
 240              		.text
 241              	.Letext0:
 242              		.file 2 "c:\\program files (x86)\\embedded toolchain\\gnu tools arm embedded\\7 2017-q4-major\\arm
 243              		.file 3 "c:\\program files (x86)\\embedded toolchain\\gnu tools arm embedded\\7 2017-q4-major\\arm
 244              		.file 4 "Drivers/CMSIS/Include/core_cm3.h"
 245              		.file 5 "Drivers/CMSIS/Device/ST/STM32F1xx/Include/system_stm32f1xx.h"
 246              		.file 6 "Drivers/CMSIS/Device/ST/STM32F1xx/Include/stm32f103xb.h"
ARM GAS  C:\Users\Patrick\AppData\Local\Temp\cc5cs1Ol.s 			page 7


 247              		.file 7 "c:\\program files (x86)\\embedded toolchain\\gnu tools arm embedded\\7 2017-q4-major\\arm
 248              		.file 8 "c:\\program files (x86)\\embedded toolchain\\gnu tools arm embedded\\7 2017-q4-major\\arm
 249              		.file 9 "c:\\program files (x86)\\embedded toolchain\\gnu tools arm embedded\\7 2017-q4-major\\lib
 250              		.file 10 "c:\\program files (x86)\\embedded toolchain\\gnu tools arm embedded\\7 2017-q4-major\\ar
 251              		.file 11 "Drivers/STM32F1xx_HAL_Driver/Inc/stm32f1xx_hal_def.h"
 252              		.file 12 "Drivers/STM32F1xx_HAL_Driver/Inc/stm32f1xx_hal_dma.h"
 253              		.file 13 "Drivers/STM32F1xx_HAL_Driver/Inc/stm32f1xx_hal_tim.h"
 254              		.file 14 "Drivers/STM32F1xx_HAL_Driver/Inc/stm32f1xx_hal_tim_ex.h"
 255              		.file 15 "Drivers/STM32F1xx_HAL_Driver/Inc/stm32f1xx_hal.h"
 256              		.file 16 "Inc/tim.h"
 257              		.file 17 "Drivers/STM32F1xx_HAL_Driver/Inc/stm32f1xx_hal_cortex.h"
 258              		.file 18 "Inc/main.h"
ARM GAS  C:\Users\Patrick\AppData\Local\Temp\cc5cs1Ol.s 			page 8


DEFINED SYMBOLS
                            *ABS*:00000000 tim.c
C:\Users\Patrick\AppData\Local\Temp\cc5cs1Ol.s:16     .text.MX_TIM3_Init:00000000 $t
C:\Users\Patrick\AppData\Local\Temp\cc5cs1Ol.s:23     .text.MX_TIM3_Init:00000000 MX_TIM3_Init
C:\Users\Patrick\AppData\Local\Temp\cc5cs1Ol.s:118    .text.MX_TIM3_Init:0000006c $d
                            *COM*:00000040 htim3
C:\Users\Patrick\AppData\Local\Temp\cc5cs1Ol.s:124    .text.HAL_TIM_Base_MspInit:00000000 $t
C:\Users\Patrick\AppData\Local\Temp\cc5cs1Ol.s:131    .text.HAL_TIM_Base_MspInit:00000000 HAL_TIM_Base_MspInit
C:\Users\Patrick\AppData\Local\Temp\cc5cs1Ol.s:184    .text.HAL_TIM_Base_MspInit:0000003c $d
C:\Users\Patrick\AppData\Local\Temp\cc5cs1Ol.s:189    .text.HAL_TIM_Base_MspDeInit:00000000 $t
C:\Users\Patrick\AppData\Local\Temp\cc5cs1Ol.s:196    .text.HAL_TIM_Base_MspDeInit:00000000 HAL_TIM_Base_MspDeInit
C:\Users\Patrick\AppData\Local\Temp\cc5cs1Ol.s:234    .text.HAL_TIM_Base_MspDeInit:00000020 $d

UNDEFINED SYMBOLS
HAL_TIM_Base_Init
HAL_TIM_ConfigClockSource
HAL_TIMEx_MasterConfigSynchronization
Error_Handler
HAL_NVIC_SetPriority
HAL_NVIC_EnableIRQ
HAL_NVIC_DisableIRQ
