ARM GAS  C:\Users\Patrick\AppData\Local\Temp\ccQK35LJ.s 			page 1


   1              		.cpu cortex-m3
   2              		.eabi_attribute 20, 1
   3              		.eabi_attribute 21, 1
   4              		.eabi_attribute 23, 3
   5              		.eabi_attribute 24, 1
   6              		.eabi_attribute 25, 1
   7              		.eabi_attribute 26, 1
   8              		.eabi_attribute 30, 1
   9              		.eabi_attribute 34, 1
  10              		.eabi_attribute 18, 4
  11              		.file	"usart.c"
  12              		.text
  13              	.Ltext0:
  14              		.cfi_sections	.debug_frame
  15              		.section	.text.MX_USART1_UART_Init,"ax",%progbits
  16              		.align	1
  17              		.global	MX_USART1_UART_Init
  18              		.syntax unified
  19              		.thumb
  20              		.thumb_func
  21              		.fpu softvfp
  23              	MX_USART1_UART_Init:
  24              	.LFB66:
  25              		.file 1 "Src/usart.c"
   1:Src/usart.c   **** /**
   2:Src/usart.c   ****   ******************************************************************************
   3:Src/usart.c   ****   * File Name          : USART.c
   4:Src/usart.c   ****   * Description        : This file provides code for the configuration
   5:Src/usart.c   ****   *                      of the USART instances.
   6:Src/usart.c   ****   ******************************************************************************
   7:Src/usart.c   ****   * @attention
   8:Src/usart.c   ****   *
   9:Src/usart.c   ****   * <h2><center>&copy; Copyright (c) 2020 STMicroelectronics.
  10:Src/usart.c   ****   * All rights reserved.</center></h2>
  11:Src/usart.c   ****   *
  12:Src/usart.c   ****   * This software component is licensed by ST under BSD 3-Clause license,
  13:Src/usart.c   ****   * the "License"; You may not use this file except in compliance with the
  14:Src/usart.c   ****   * License. You may obtain a copy of the License at:
  15:Src/usart.c   ****   *                        opensource.org/licenses/BSD-3-Clause
  16:Src/usart.c   ****   *
  17:Src/usart.c   ****   ******************************************************************************
  18:Src/usart.c   ****   */
  19:Src/usart.c   **** 
  20:Src/usart.c   **** /* Includes ------------------------------------------------------------------*/
  21:Src/usart.c   **** #include "usart.h"
  22:Src/usart.c   **** 
  23:Src/usart.c   **** /* USER CODE BEGIN 0 */
  24:Src/usart.c   **** 
  25:Src/usart.c   **** /* USER CODE END 0 */
  26:Src/usart.c   **** 
  27:Src/usart.c   **** UART_HandleTypeDef huart1;
  28:Src/usart.c   **** UART_HandleTypeDef huart3;
  29:Src/usart.c   **** DMA_HandleTypeDef hdma_usart3_rx;
  30:Src/usart.c   **** DMA_HandleTypeDef hdma_usart3_tx;
  31:Src/usart.c   **** 
  32:Src/usart.c   **** /* USART1 init function */
  33:Src/usart.c   **** 
ARM GAS  C:\Users\Patrick\AppData\Local\Temp\ccQK35LJ.s 			page 2


  34:Src/usart.c   **** void MX_USART1_UART_Init(void)
  35:Src/usart.c   **** {
  26              		.loc 1 35 0
  27              		.cfi_startproc
  28              		@ args = 0, pretend = 0, frame = 0
  29              		@ frame_needed = 0, uses_anonymous_args = 0
  30 0000 08B5     		push	{r3, lr}
  31              	.LCFI0:
  32              		.cfi_def_cfa_offset 8
  33              		.cfi_offset 3, -8
  34              		.cfi_offset 14, -4
  36:Src/usart.c   **** 
  37:Src/usart.c   ****   huart1.Instance = USART1;
  35              		.loc 1 37 0
  36 0002 0A48     		ldr	r0, .L5
  37 0004 0A4B     		ldr	r3, .L5+4
  38 0006 0360     		str	r3, [r0]
  38:Src/usart.c   ****   huart1.Init.BaudRate = 115200;
  39              		.loc 1 38 0
  40 0008 4FF4E133 		mov	r3, #115200
  41 000c 4360     		str	r3, [r0, #4]
  39:Src/usart.c   ****   huart1.Init.WordLength = UART_WORDLENGTH_8B;
  42              		.loc 1 39 0
  43 000e 0023     		movs	r3, #0
  44 0010 8360     		str	r3, [r0, #8]
  40:Src/usart.c   ****   huart1.Init.StopBits = UART_STOPBITS_1;
  45              		.loc 1 40 0
  46 0012 C360     		str	r3, [r0, #12]
  41:Src/usart.c   ****   huart1.Init.Parity = UART_PARITY_NONE;
  47              		.loc 1 41 0
  48 0014 0361     		str	r3, [r0, #16]
  42:Src/usart.c   ****   huart1.Init.Mode = UART_MODE_TX_RX;
  49              		.loc 1 42 0
  50 0016 0C22     		movs	r2, #12
  51 0018 4261     		str	r2, [r0, #20]
  43:Src/usart.c   ****   huart1.Init.HwFlowCtl = UART_HWCONTROL_NONE;
  52              		.loc 1 43 0
  53 001a 8361     		str	r3, [r0, #24]
  44:Src/usart.c   ****   huart1.Init.OverSampling = UART_OVERSAMPLING_16;
  54              		.loc 1 44 0
  55 001c C361     		str	r3, [r0, #28]
  45:Src/usart.c   ****   if (HAL_UART_Init(&huart1) != HAL_OK)
  56              		.loc 1 45 0
  57 001e FFF7FEFF 		bl	HAL_UART_Init
  58              	.LVL0:
  59 0022 00B9     		cbnz	r0, .L4
  60              	.L1:
  46:Src/usart.c   ****   {
  47:Src/usart.c   ****     Error_Handler();
  48:Src/usart.c   ****   }
  49:Src/usart.c   **** 
  50:Src/usart.c   **** }
  61              		.loc 1 50 0
  62 0024 08BD     		pop	{r3, pc}
  63              	.L4:
  47:Src/usart.c   ****   }
  64              		.loc 1 47 0
ARM GAS  C:\Users\Patrick\AppData\Local\Temp\ccQK35LJ.s 			page 3


  65 0026 FFF7FEFF 		bl	Error_Handler
  66              	.LVL1:
  67              		.loc 1 50 0
  68 002a FBE7     		b	.L1
  69              	.L6:
  70              		.align	2
  71              	.L5:
  72 002c 00000000 		.word	huart1
  73 0030 00380140 		.word	1073821696
  74              		.cfi_endproc
  75              	.LFE66:
  77              		.section	.text.MX_USART3_UART_Init,"ax",%progbits
  78              		.align	1
  79              		.global	MX_USART3_UART_Init
  80              		.syntax unified
  81              		.thumb
  82              		.thumb_func
  83              		.fpu softvfp
  85              	MX_USART3_UART_Init:
  86              	.LFB67:
  51:Src/usart.c   **** /* USART3 init function */
  52:Src/usart.c   **** 
  53:Src/usart.c   **** void MX_USART3_UART_Init(void)
  54:Src/usart.c   **** {
  87              		.loc 1 54 0
  88              		.cfi_startproc
  89              		@ args = 0, pretend = 0, frame = 0
  90              		@ frame_needed = 0, uses_anonymous_args = 0
  91 0000 08B5     		push	{r3, lr}
  92              	.LCFI1:
  93              		.cfi_def_cfa_offset 8
  94              		.cfi_offset 3, -8
  95              		.cfi_offset 14, -4
  55:Src/usart.c   **** 
  56:Src/usart.c   ****   huart3.Instance = USART3;
  96              		.loc 1 56 0
  97 0002 0A48     		ldr	r0, .L11
  98 0004 0A4B     		ldr	r3, .L11+4
  99 0006 0360     		str	r3, [r0]
  57:Src/usart.c   ****   huart3.Init.BaudRate = 230400;
 100              		.loc 1 57 0
 101 0008 4FF46133 		mov	r3, #230400
 102 000c 4360     		str	r3, [r0, #4]
  58:Src/usart.c   ****   huart3.Init.WordLength = UART_WORDLENGTH_8B;
 103              		.loc 1 58 0
 104 000e 0023     		movs	r3, #0
 105 0010 8360     		str	r3, [r0, #8]
  59:Src/usart.c   ****   huart3.Init.StopBits = UART_STOPBITS_1;
 106              		.loc 1 59 0
 107 0012 C360     		str	r3, [r0, #12]
  60:Src/usart.c   ****   huart3.Init.Parity = UART_PARITY_NONE;
 108              		.loc 1 60 0
 109 0014 0361     		str	r3, [r0, #16]
  61:Src/usart.c   ****   huart3.Init.Mode = UART_MODE_TX_RX;
 110              		.loc 1 61 0
 111 0016 0C22     		movs	r2, #12
 112 0018 4261     		str	r2, [r0, #20]
ARM GAS  C:\Users\Patrick\AppData\Local\Temp\ccQK35LJ.s 			page 4


  62:Src/usart.c   ****   huart3.Init.HwFlowCtl = UART_HWCONTROL_NONE;
 113              		.loc 1 62 0
 114 001a 8361     		str	r3, [r0, #24]
  63:Src/usart.c   ****   huart3.Init.OverSampling = UART_OVERSAMPLING_16;
 115              		.loc 1 63 0
 116 001c C361     		str	r3, [r0, #28]
  64:Src/usart.c   ****   if (HAL_UART_Init(&huart3) != HAL_OK)
 117              		.loc 1 64 0
 118 001e FFF7FEFF 		bl	HAL_UART_Init
 119              	.LVL2:
 120 0022 00B9     		cbnz	r0, .L10
 121              	.L7:
  65:Src/usart.c   ****   {
  66:Src/usart.c   ****     Error_Handler();
  67:Src/usart.c   ****   }
  68:Src/usart.c   **** 
  69:Src/usart.c   **** }
 122              		.loc 1 69 0
 123 0024 08BD     		pop	{r3, pc}
 124              	.L10:
  66:Src/usart.c   ****   }
 125              		.loc 1 66 0
 126 0026 FFF7FEFF 		bl	Error_Handler
 127              	.LVL3:
 128              		.loc 1 69 0
 129 002a FBE7     		b	.L7
 130              	.L12:
 131              		.align	2
 132              	.L11:
 133 002c 00000000 		.word	huart3
 134 0030 00480040 		.word	1073760256
 135              		.cfi_endproc
 136              	.LFE67:
 138              		.section	.text.HAL_UART_MspInit,"ax",%progbits
 139              		.align	1
 140              		.global	HAL_UART_MspInit
 141              		.syntax unified
 142              		.thumb
 143              		.thumb_func
 144              		.fpu softvfp
 146              	HAL_UART_MspInit:
 147              	.LFB68:
  70:Src/usart.c   **** 
  71:Src/usart.c   **** void HAL_UART_MspInit(UART_HandleTypeDef* uartHandle)
  72:Src/usart.c   **** {
 148              		.loc 1 72 0
 149              		.cfi_startproc
 150              		@ args = 0, pretend = 0, frame = 32
 151              		@ frame_needed = 0, uses_anonymous_args = 0
 152              	.LVL4:
 153 0000 70B5     		push	{r4, r5, r6, lr}
 154              	.LCFI2:
 155              		.cfi_def_cfa_offset 16
 156              		.cfi_offset 4, -16
 157              		.cfi_offset 5, -12
 158              		.cfi_offset 6, -8
 159              		.cfi_offset 14, -4
ARM GAS  C:\Users\Patrick\AppData\Local\Temp\ccQK35LJ.s 			page 5


 160 0002 88B0     		sub	sp, sp, #32
 161              	.LCFI3:
 162              		.cfi_def_cfa_offset 48
  73:Src/usart.c   **** 
  74:Src/usart.c   ****   GPIO_InitTypeDef GPIO_InitStruct = {0};
 163              		.loc 1 74 0
 164 0004 0023     		movs	r3, #0
 165 0006 0493     		str	r3, [sp, #16]
 166 0008 0593     		str	r3, [sp, #20]
 167 000a 0693     		str	r3, [sp, #24]
 168 000c 0793     		str	r3, [sp, #28]
  75:Src/usart.c   ****   if(uartHandle->Instance==USART1)
 169              		.loc 1 75 0
 170 000e 0368     		ldr	r3, [r0]
 171 0010 494A     		ldr	r2, .L23
 172 0012 9342     		cmp	r3, r2
 173 0014 05D0     		beq	.L19
 174 0016 0446     		mov	r4, r0
  76:Src/usart.c   ****   {
  77:Src/usart.c   ****   /* USER CODE BEGIN USART1_MspInit 0 */
  78:Src/usart.c   **** 
  79:Src/usart.c   ****   /* USER CODE END USART1_MspInit 0 */
  80:Src/usart.c   ****     /* USART1 clock enable */
  81:Src/usart.c   ****     __HAL_RCC_USART1_CLK_ENABLE();
  82:Src/usart.c   ****   
  83:Src/usart.c   ****     __HAL_RCC_GPIOA_CLK_ENABLE();
  84:Src/usart.c   ****     /**USART1 GPIO Configuration    
  85:Src/usart.c   ****     PA9     ------> USART1_TX
  86:Src/usart.c   ****     PA10     ------> USART1_RX 
  87:Src/usart.c   ****     */
  88:Src/usart.c   ****     GPIO_InitStruct.Pin = GPIO_PIN_9;
  89:Src/usart.c   ****     GPIO_InitStruct.Mode = GPIO_MODE_AF_PP;
  90:Src/usart.c   ****     GPIO_InitStruct.Speed = GPIO_SPEED_FREQ_HIGH;
  91:Src/usart.c   ****     HAL_GPIO_Init(GPIOA, &GPIO_InitStruct);
  92:Src/usart.c   **** 
  93:Src/usart.c   ****     GPIO_InitStruct.Pin = GPIO_PIN_10;
  94:Src/usart.c   ****     GPIO_InitStruct.Mode = GPIO_MODE_INPUT;
  95:Src/usart.c   ****     GPIO_InitStruct.Pull = GPIO_NOPULL;
  96:Src/usart.c   ****     HAL_GPIO_Init(GPIOA, &GPIO_InitStruct);
  97:Src/usart.c   **** 
  98:Src/usart.c   ****   /* USER CODE BEGIN USART1_MspInit 1 */
  99:Src/usart.c   **** 
 100:Src/usart.c   ****   /* USER CODE END USART1_MspInit 1 */
 101:Src/usart.c   ****   }
 102:Src/usart.c   ****   else if(uartHandle->Instance==USART3)
 175              		.loc 1 102 0
 176 0018 484A     		ldr	r2, .L23+4
 177 001a 9342     		cmp	r3, r2
 178 001c 2BD0     		beq	.L20
 179              	.LVL5:
 180              	.L13:
 103:Src/usart.c   ****   {
 104:Src/usart.c   ****   /* USER CODE BEGIN USART3_MspInit 0 */
 105:Src/usart.c   **** 
 106:Src/usart.c   ****   /* USER CODE END USART3_MspInit 0 */
 107:Src/usart.c   ****     /* USART3 clock enable */
 108:Src/usart.c   ****     __HAL_RCC_USART3_CLK_ENABLE();
ARM GAS  C:\Users\Patrick\AppData\Local\Temp\ccQK35LJ.s 			page 6


 109:Src/usart.c   ****   
 110:Src/usart.c   ****     __HAL_RCC_GPIOB_CLK_ENABLE();
 111:Src/usart.c   ****     /**USART3 GPIO Configuration    
 112:Src/usart.c   ****     PB10     ------> USART3_TX
 113:Src/usart.c   ****     PB11     ------> USART3_RX 
 114:Src/usart.c   ****     */
 115:Src/usart.c   ****     GPIO_InitStruct.Pin = GPIO_PIN_10;
 116:Src/usart.c   ****     GPIO_InitStruct.Mode = GPIO_MODE_AF_PP;
 117:Src/usart.c   ****     GPIO_InitStruct.Speed = GPIO_SPEED_FREQ_HIGH;
 118:Src/usart.c   ****     HAL_GPIO_Init(GPIOB, &GPIO_InitStruct);
 119:Src/usart.c   **** 
 120:Src/usart.c   ****     GPIO_InitStruct.Pin = GPIO_PIN_11;
 121:Src/usart.c   ****     GPIO_InitStruct.Mode = GPIO_MODE_INPUT;
 122:Src/usart.c   ****     GPIO_InitStruct.Pull = GPIO_NOPULL;
 123:Src/usart.c   ****     HAL_GPIO_Init(GPIOB, &GPIO_InitStruct);
 124:Src/usart.c   **** 
 125:Src/usart.c   ****     /* USART3 DMA Init */
 126:Src/usart.c   ****     /* USART3_RX Init */
 127:Src/usart.c   ****     hdma_usart3_rx.Instance = DMA1_Channel3;
 128:Src/usart.c   ****     hdma_usart3_rx.Init.Direction = DMA_PERIPH_TO_MEMORY;
 129:Src/usart.c   ****     hdma_usart3_rx.Init.PeriphInc = DMA_PINC_DISABLE;
 130:Src/usart.c   ****     hdma_usart3_rx.Init.MemInc = DMA_MINC_ENABLE;
 131:Src/usart.c   ****     hdma_usart3_rx.Init.PeriphDataAlignment = DMA_PDATAALIGN_BYTE;
 132:Src/usart.c   ****     hdma_usart3_rx.Init.MemDataAlignment = DMA_MDATAALIGN_BYTE;
 133:Src/usart.c   ****     hdma_usart3_rx.Init.Mode = DMA_NORMAL;
 134:Src/usart.c   ****     hdma_usart3_rx.Init.Priority = DMA_PRIORITY_VERY_HIGH;
 135:Src/usart.c   ****     if (HAL_DMA_Init(&hdma_usart3_rx) != HAL_OK)
 136:Src/usart.c   ****     {
 137:Src/usart.c   ****       Error_Handler();
 138:Src/usart.c   ****     }
 139:Src/usart.c   **** 
 140:Src/usart.c   ****     __HAL_LINKDMA(uartHandle,hdmarx,hdma_usart3_rx);
 141:Src/usart.c   **** 
 142:Src/usart.c   ****     /* USART3_TX Init */
 143:Src/usart.c   ****     hdma_usart3_tx.Instance = DMA1_Channel2;
 144:Src/usart.c   ****     hdma_usart3_tx.Init.Direction = DMA_MEMORY_TO_PERIPH;
 145:Src/usart.c   ****     hdma_usart3_tx.Init.PeriphInc = DMA_PINC_DISABLE;
 146:Src/usart.c   ****     hdma_usart3_tx.Init.MemInc = DMA_MINC_ENABLE;
 147:Src/usart.c   ****     hdma_usart3_tx.Init.PeriphDataAlignment = DMA_PDATAALIGN_BYTE;
 148:Src/usart.c   ****     hdma_usart3_tx.Init.MemDataAlignment = DMA_MDATAALIGN_BYTE;
 149:Src/usart.c   ****     hdma_usart3_tx.Init.Mode = DMA_NORMAL;
 150:Src/usart.c   ****     hdma_usart3_tx.Init.Priority = DMA_PRIORITY_VERY_HIGH;
 151:Src/usart.c   ****     if (HAL_DMA_Init(&hdma_usart3_tx) != HAL_OK)
 152:Src/usart.c   ****     {
 153:Src/usart.c   ****       Error_Handler();
 154:Src/usart.c   ****     }
 155:Src/usart.c   **** 
 156:Src/usart.c   ****     __HAL_LINKDMA(uartHandle,hdmatx,hdma_usart3_tx);
 157:Src/usart.c   **** 
 158:Src/usart.c   ****     /* USART3 interrupt Init */
 159:Src/usart.c   ****     HAL_NVIC_SetPriority(USART3_IRQn, 15, 0);
 160:Src/usart.c   ****     HAL_NVIC_EnableIRQ(USART3_IRQn);
 161:Src/usart.c   ****   /* USER CODE BEGIN USART3_MspInit 1 */
 162:Src/usart.c   **** 
 163:Src/usart.c   ****   /* USER CODE END USART3_MspInit 1 */
 164:Src/usart.c   ****   }
 165:Src/usart.c   **** }
ARM GAS  C:\Users\Patrick\AppData\Local\Temp\ccQK35LJ.s 			page 7


 181              		.loc 1 165 0
 182 001e 08B0     		add	sp, sp, #32
 183              	.LCFI4:
 184              		.cfi_remember_state
 185              		.cfi_def_cfa_offset 16
 186              		@ sp needed
 187 0020 70BD     		pop	{r4, r5, r6, pc}
 188              	.LVL6:
 189              	.L19:
 190              	.LCFI5:
 191              		.cfi_restore_state
 192              	.LBB2:
  81:Src/usart.c   ****   
 193              		.loc 1 81 0
 194 0022 474B     		ldr	r3, .L23+8
 195 0024 9A69     		ldr	r2, [r3, #24]
 196 0026 42F48042 		orr	r2, r2, #16384
 197 002a 9A61     		str	r2, [r3, #24]
 198 002c 9A69     		ldr	r2, [r3, #24]
 199 002e 02F48042 		and	r2, r2, #16384
 200 0032 0092     		str	r2, [sp]
 201 0034 009A     		ldr	r2, [sp]
 202              	.LBE2:
 203              	.LBB3:
  83:Src/usart.c   ****     /**USART1 GPIO Configuration    
 204              		.loc 1 83 0
 205 0036 9A69     		ldr	r2, [r3, #24]
 206 0038 42F00402 		orr	r2, r2, #4
 207 003c 9A61     		str	r2, [r3, #24]
 208 003e 9B69     		ldr	r3, [r3, #24]
 209 0040 03F00403 		and	r3, r3, #4
 210 0044 0193     		str	r3, [sp, #4]
 211 0046 019B     		ldr	r3, [sp, #4]
 212              	.LBE3:
  88:Src/usart.c   ****     GPIO_InitStruct.Mode = GPIO_MODE_AF_PP;
 213              		.loc 1 88 0
 214 0048 4FF40073 		mov	r3, #512
 215 004c 0493     		str	r3, [sp, #16]
  89:Src/usart.c   ****     GPIO_InitStruct.Speed = GPIO_SPEED_FREQ_HIGH;
 216              		.loc 1 89 0
 217 004e 0223     		movs	r3, #2
 218 0050 0593     		str	r3, [sp, #20]
  90:Src/usart.c   ****     HAL_GPIO_Init(GPIOA, &GPIO_InitStruct);
 219              		.loc 1 90 0
 220 0052 0323     		movs	r3, #3
 221 0054 0793     		str	r3, [sp, #28]
  91:Src/usart.c   **** 
 222              		.loc 1 91 0
 223 0056 3B4C     		ldr	r4, .L23+12
 224 0058 04A9     		add	r1, sp, #16
 225 005a 2046     		mov	r0, r4
 226              	.LVL7:
 227 005c FFF7FEFF 		bl	HAL_GPIO_Init
 228              	.LVL8:
  93:Src/usart.c   ****     GPIO_InitStruct.Mode = GPIO_MODE_INPUT;
 229              		.loc 1 93 0
 230 0060 4FF48063 		mov	r3, #1024
ARM GAS  C:\Users\Patrick\AppData\Local\Temp\ccQK35LJ.s 			page 8


 231 0064 0493     		str	r3, [sp, #16]
  94:Src/usart.c   ****     GPIO_InitStruct.Pull = GPIO_NOPULL;
 232              		.loc 1 94 0
 233 0066 0023     		movs	r3, #0
 234 0068 0593     		str	r3, [sp, #20]
  95:Src/usart.c   ****     HAL_GPIO_Init(GPIOA, &GPIO_InitStruct);
 235              		.loc 1 95 0
 236 006a 0693     		str	r3, [sp, #24]
  96:Src/usart.c   **** 
 237              		.loc 1 96 0
 238 006c 04A9     		add	r1, sp, #16
 239 006e 2046     		mov	r0, r4
 240 0070 FFF7FEFF 		bl	HAL_GPIO_Init
 241              	.LVL9:
 242 0074 D3E7     		b	.L13
 243              	.LVL10:
 244              	.L20:
 245              	.LBB4:
 108:Src/usart.c   ****   
 246              		.loc 1 108 0
 247 0076 324B     		ldr	r3, .L23+8
 248 0078 DA69     		ldr	r2, [r3, #28]
 249 007a 42F48022 		orr	r2, r2, #262144
 250 007e DA61     		str	r2, [r3, #28]
 251 0080 DA69     		ldr	r2, [r3, #28]
 252 0082 02F48022 		and	r2, r2, #262144
 253 0086 0292     		str	r2, [sp, #8]
 254 0088 029A     		ldr	r2, [sp, #8]
 255              	.LBE4:
 256              	.LBB5:
 110:Src/usart.c   ****     /**USART3 GPIO Configuration    
 257              		.loc 1 110 0
 258 008a 9A69     		ldr	r2, [r3, #24]
 259 008c 42F00802 		orr	r2, r2, #8
 260 0090 9A61     		str	r2, [r3, #24]
 261 0092 9B69     		ldr	r3, [r3, #24]
 262 0094 03F00803 		and	r3, r3, #8
 263 0098 0393     		str	r3, [sp, #12]
 264 009a 039B     		ldr	r3, [sp, #12]
 265              	.LBE5:
 115:Src/usart.c   ****     GPIO_InitStruct.Mode = GPIO_MODE_AF_PP;
 266              		.loc 1 115 0
 267 009c 4FF48063 		mov	r3, #1024
 268 00a0 0493     		str	r3, [sp, #16]
 116:Src/usart.c   ****     GPIO_InitStruct.Speed = GPIO_SPEED_FREQ_HIGH;
 269              		.loc 1 116 0
 270 00a2 0223     		movs	r3, #2
 271 00a4 0593     		str	r3, [sp, #20]
 117:Src/usart.c   ****     HAL_GPIO_Init(GPIOB, &GPIO_InitStruct);
 272              		.loc 1 117 0
 273 00a6 0323     		movs	r3, #3
 274 00a8 0793     		str	r3, [sp, #28]
 118:Src/usart.c   **** 
 275              		.loc 1 118 0
 276 00aa 274E     		ldr	r6, .L23+16
 277 00ac 04A9     		add	r1, sp, #16
 278 00ae 3046     		mov	r0, r6
ARM GAS  C:\Users\Patrick\AppData\Local\Temp\ccQK35LJ.s 			page 9


 279              	.LVL11:
 280 00b0 FFF7FEFF 		bl	HAL_GPIO_Init
 281              	.LVL12:
 120:Src/usart.c   ****     GPIO_InitStruct.Mode = GPIO_MODE_INPUT;
 282              		.loc 1 120 0
 283 00b4 4FF40063 		mov	r3, #2048
 284 00b8 0493     		str	r3, [sp, #16]
 121:Src/usart.c   ****     GPIO_InitStruct.Pull = GPIO_NOPULL;
 285              		.loc 1 121 0
 286 00ba 0025     		movs	r5, #0
 287 00bc 0595     		str	r5, [sp, #20]
 122:Src/usart.c   ****     HAL_GPIO_Init(GPIOB, &GPIO_InitStruct);
 288              		.loc 1 122 0
 289 00be 0695     		str	r5, [sp, #24]
 123:Src/usart.c   **** 
 290              		.loc 1 123 0
 291 00c0 04A9     		add	r1, sp, #16
 292 00c2 3046     		mov	r0, r6
 293 00c4 FFF7FEFF 		bl	HAL_GPIO_Init
 294              	.LVL13:
 127:Src/usart.c   ****     hdma_usart3_rx.Init.Direction = DMA_PERIPH_TO_MEMORY;
 295              		.loc 1 127 0
 296 00c8 2048     		ldr	r0, .L23+20
 297 00ca 214B     		ldr	r3, .L23+24
 298 00cc 0360     		str	r3, [r0]
 128:Src/usart.c   ****     hdma_usart3_rx.Init.PeriphInc = DMA_PINC_DISABLE;
 299              		.loc 1 128 0
 300 00ce 4560     		str	r5, [r0, #4]
 129:Src/usart.c   ****     hdma_usart3_rx.Init.MemInc = DMA_MINC_ENABLE;
 301              		.loc 1 129 0
 302 00d0 8560     		str	r5, [r0, #8]
 130:Src/usart.c   ****     hdma_usart3_rx.Init.PeriphDataAlignment = DMA_PDATAALIGN_BYTE;
 303              		.loc 1 130 0
 304 00d2 8023     		movs	r3, #128
 305 00d4 C360     		str	r3, [r0, #12]
 131:Src/usart.c   ****     hdma_usart3_rx.Init.MemDataAlignment = DMA_MDATAALIGN_BYTE;
 306              		.loc 1 131 0
 307 00d6 0561     		str	r5, [r0, #16]
 132:Src/usart.c   ****     hdma_usart3_rx.Init.Mode = DMA_NORMAL;
 308              		.loc 1 132 0
 309 00d8 4561     		str	r5, [r0, #20]
 133:Src/usart.c   ****     hdma_usart3_rx.Init.Priority = DMA_PRIORITY_VERY_HIGH;
 310              		.loc 1 133 0
 311 00da 8561     		str	r5, [r0, #24]
 134:Src/usart.c   ****     if (HAL_DMA_Init(&hdma_usart3_rx) != HAL_OK)
 312              		.loc 1 134 0
 313 00dc 4FF44053 		mov	r3, #12288
 314 00e0 C361     		str	r3, [r0, #28]
 135:Src/usart.c   ****     {
 315              		.loc 1 135 0
 316 00e2 FFF7FEFF 		bl	HAL_DMA_Init
 317              	.LVL14:
 318 00e6 00BB     		cbnz	r0, .L21
 319              	.L16:
 140:Src/usart.c   **** 
 320              		.loc 1 140 0
 321 00e8 184B     		ldr	r3, .L23+20
ARM GAS  C:\Users\Patrick\AppData\Local\Temp\ccQK35LJ.s 			page 10


 322 00ea 6363     		str	r3, [r4, #52]
 323 00ec 5C62     		str	r4, [r3, #36]
 143:Src/usart.c   ****     hdma_usart3_tx.Init.Direction = DMA_MEMORY_TO_PERIPH;
 324              		.loc 1 143 0
 325 00ee 1948     		ldr	r0, .L23+28
 326 00f0 194B     		ldr	r3, .L23+32
 327 00f2 0360     		str	r3, [r0]
 144:Src/usart.c   ****     hdma_usart3_tx.Init.PeriphInc = DMA_PINC_DISABLE;
 328              		.loc 1 144 0
 329 00f4 1023     		movs	r3, #16
 330 00f6 4360     		str	r3, [r0, #4]
 145:Src/usart.c   ****     hdma_usart3_tx.Init.MemInc = DMA_MINC_ENABLE;
 331              		.loc 1 145 0
 332 00f8 0023     		movs	r3, #0
 333 00fa 8360     		str	r3, [r0, #8]
 146:Src/usart.c   ****     hdma_usart3_tx.Init.PeriphDataAlignment = DMA_PDATAALIGN_BYTE;
 334              		.loc 1 146 0
 335 00fc 8022     		movs	r2, #128
 336 00fe C260     		str	r2, [r0, #12]
 147:Src/usart.c   ****     hdma_usart3_tx.Init.MemDataAlignment = DMA_MDATAALIGN_BYTE;
 337              		.loc 1 147 0
 338 0100 0361     		str	r3, [r0, #16]
 148:Src/usart.c   ****     hdma_usart3_tx.Init.Mode = DMA_NORMAL;
 339              		.loc 1 148 0
 340 0102 4361     		str	r3, [r0, #20]
 149:Src/usart.c   ****     hdma_usart3_tx.Init.Priority = DMA_PRIORITY_VERY_HIGH;
 341              		.loc 1 149 0
 342 0104 8361     		str	r3, [r0, #24]
 150:Src/usart.c   ****     if (HAL_DMA_Init(&hdma_usart3_tx) != HAL_OK)
 343              		.loc 1 150 0
 344 0106 4FF44053 		mov	r3, #12288
 345 010a C361     		str	r3, [r0, #28]
 151:Src/usart.c   ****     {
 346              		.loc 1 151 0
 347 010c FFF7FEFF 		bl	HAL_DMA_Init
 348              	.LVL15:
 349 0110 70B9     		cbnz	r0, .L22
 350              	.L17:
 156:Src/usart.c   **** 
 351              		.loc 1 156 0
 352 0112 104B     		ldr	r3, .L23+28
 353 0114 2363     		str	r3, [r4, #48]
 354 0116 5C62     		str	r4, [r3, #36]
 159:Src/usart.c   ****     HAL_NVIC_EnableIRQ(USART3_IRQn);
 355              		.loc 1 159 0
 356 0118 0022     		movs	r2, #0
 357 011a 0F21     		movs	r1, #15
 358 011c 2720     		movs	r0, #39
 359 011e FFF7FEFF 		bl	HAL_NVIC_SetPriority
 360              	.LVL16:
 160:Src/usart.c   ****   /* USER CODE BEGIN USART3_MspInit 1 */
 361              		.loc 1 160 0
 362 0122 2720     		movs	r0, #39
 363 0124 FFF7FEFF 		bl	HAL_NVIC_EnableIRQ
 364              	.LVL17:
 365              		.loc 1 165 0
 366 0128 79E7     		b	.L13
ARM GAS  C:\Users\Patrick\AppData\Local\Temp\ccQK35LJ.s 			page 11


 367              	.L21:
 137:Src/usart.c   ****     }
 368              		.loc 1 137 0
 369 012a FFF7FEFF 		bl	Error_Handler
 370              	.LVL18:
 371 012e DBE7     		b	.L16
 372              	.L22:
 153:Src/usart.c   ****     }
 373              		.loc 1 153 0
 374 0130 FFF7FEFF 		bl	Error_Handler
 375              	.LVL19:
 376 0134 EDE7     		b	.L17
 377              	.L24:
 378 0136 00BF     		.align	2
 379              	.L23:
 380 0138 00380140 		.word	1073821696
 381 013c 00480040 		.word	1073760256
 382 0140 00100240 		.word	1073876992
 383 0144 00080140 		.word	1073809408
 384 0148 000C0140 		.word	1073810432
 385 014c 00000000 		.word	hdma_usart3_rx
 386 0150 30000240 		.word	1073872944
 387 0154 00000000 		.word	hdma_usart3_tx
 388 0158 1C000240 		.word	1073872924
 389              		.cfi_endproc
 390              	.LFE68:
 392              		.section	.text.HAL_UART_MspDeInit,"ax",%progbits
 393              		.align	1
 394              		.global	HAL_UART_MspDeInit
 395              		.syntax unified
 396              		.thumb
 397              		.thumb_func
 398              		.fpu softvfp
 400              	HAL_UART_MspDeInit:
 401              	.LFB69:
 166:Src/usart.c   **** 
 167:Src/usart.c   **** void HAL_UART_MspDeInit(UART_HandleTypeDef* uartHandle)
 168:Src/usart.c   **** {
 402              		.loc 1 168 0
 403              		.cfi_startproc
 404              		@ args = 0, pretend = 0, frame = 0
 405              		@ frame_needed = 0, uses_anonymous_args = 0
 406              	.LVL20:
 407 0000 10B5     		push	{r4, lr}
 408              	.LCFI6:
 409              		.cfi_def_cfa_offset 8
 410              		.cfi_offset 4, -8
 411              		.cfi_offset 14, -4
 169:Src/usart.c   **** 
 170:Src/usart.c   ****   if(uartHandle->Instance==USART1)
 412              		.loc 1 170 0
 413 0002 0368     		ldr	r3, [r0]
 414 0004 144A     		ldr	r2, .L31
 415 0006 9342     		cmp	r3, r2
 416 0008 04D0     		beq	.L29
 417 000a 0446     		mov	r4, r0
 171:Src/usart.c   ****   {
ARM GAS  C:\Users\Patrick\AppData\Local\Temp\ccQK35LJ.s 			page 12


 172:Src/usart.c   ****   /* USER CODE BEGIN USART1_MspDeInit 0 */
 173:Src/usart.c   **** 
 174:Src/usart.c   ****   /* USER CODE END USART1_MspDeInit 0 */
 175:Src/usart.c   ****     /* Peripheral clock disable */
 176:Src/usart.c   ****     __HAL_RCC_USART1_CLK_DISABLE();
 177:Src/usart.c   ****   
 178:Src/usart.c   ****     /**USART1 GPIO Configuration    
 179:Src/usart.c   ****     PA9     ------> USART1_TX
 180:Src/usart.c   ****     PA10     ------> USART1_RX 
 181:Src/usart.c   ****     */
 182:Src/usart.c   ****     HAL_GPIO_DeInit(GPIOA, GPIO_PIN_9|GPIO_PIN_10);
 183:Src/usart.c   **** 
 184:Src/usart.c   ****   /* USER CODE BEGIN USART1_MspDeInit 1 */
 185:Src/usart.c   **** 
 186:Src/usart.c   ****   /* USER CODE END USART1_MspDeInit 1 */
 187:Src/usart.c   ****   }
 188:Src/usart.c   ****   else if(uartHandle->Instance==USART3)
 418              		.loc 1 188 0
 419 000c 134A     		ldr	r2, .L31+4
 420 000e 9342     		cmp	r3, r2
 421 0010 0CD0     		beq	.L30
 422              	.LVL21:
 423              	.L25:
 189:Src/usart.c   ****   {
 190:Src/usart.c   ****   /* USER CODE BEGIN USART3_MspDeInit 0 */
 191:Src/usart.c   **** 
 192:Src/usart.c   ****   /* USER CODE END USART3_MspDeInit 0 */
 193:Src/usart.c   ****     /* Peripheral clock disable */
 194:Src/usart.c   ****     __HAL_RCC_USART3_CLK_DISABLE();
 195:Src/usart.c   ****   
 196:Src/usart.c   ****     /**USART3 GPIO Configuration    
 197:Src/usart.c   ****     PB10     ------> USART3_TX
 198:Src/usart.c   ****     PB11     ------> USART3_RX 
 199:Src/usart.c   ****     */
 200:Src/usart.c   ****     HAL_GPIO_DeInit(GPIOB, GPIO_PIN_10|GPIO_PIN_11);
 201:Src/usart.c   **** 
 202:Src/usart.c   ****     /* USART3 DMA DeInit */
 203:Src/usart.c   ****     HAL_DMA_DeInit(uartHandle->hdmarx);
 204:Src/usart.c   ****     HAL_DMA_DeInit(uartHandle->hdmatx);
 205:Src/usart.c   **** 
 206:Src/usart.c   ****     /* USART3 interrupt Deinit */
 207:Src/usart.c   ****     HAL_NVIC_DisableIRQ(USART3_IRQn);
 208:Src/usart.c   ****   /* USER CODE BEGIN USART3_MspDeInit 1 */
 209:Src/usart.c   **** 
 210:Src/usart.c   ****   /* USER CODE END USART3_MspDeInit 1 */
 211:Src/usart.c   ****   }
 212:Src/usart.c   **** } 
 424              		.loc 1 212 0
 425 0012 10BD     		pop	{r4, pc}
 426              	.LVL22:
 427              	.L29:
 176:Src/usart.c   ****   
 428              		.loc 1 176 0
 429 0014 02F55842 		add	r2, r2, #55296
 430 0018 9369     		ldr	r3, [r2, #24]
 431 001a 23F48043 		bic	r3, r3, #16384
 432 001e 9361     		str	r3, [r2, #24]
ARM GAS  C:\Users\Patrick\AppData\Local\Temp\ccQK35LJ.s 			page 13


 182:Src/usart.c   **** 
 433              		.loc 1 182 0
 434 0020 4FF4C061 		mov	r1, #1536
 435 0024 0E48     		ldr	r0, .L31+8
 436              	.LVL23:
 437 0026 FFF7FEFF 		bl	HAL_GPIO_DeInit
 438              	.LVL24:
 439 002a F2E7     		b	.L25
 440              	.LVL25:
 441              	.L30:
 194:Src/usart.c   ****   
 442              		.loc 1 194 0
 443 002c 02F5E432 		add	r2, r2, #116736
 444 0030 D369     		ldr	r3, [r2, #28]
 445 0032 23F48023 		bic	r3, r3, #262144
 446 0036 D361     		str	r3, [r2, #28]
 200:Src/usart.c   **** 
 447              		.loc 1 200 0
 448 0038 4FF44061 		mov	r1, #3072
 449 003c 0948     		ldr	r0, .L31+12
 450              	.LVL26:
 451 003e FFF7FEFF 		bl	HAL_GPIO_DeInit
 452              	.LVL27:
 203:Src/usart.c   ****     HAL_DMA_DeInit(uartHandle->hdmatx);
 453              		.loc 1 203 0
 454 0042 606B     		ldr	r0, [r4, #52]
 455 0044 FFF7FEFF 		bl	HAL_DMA_DeInit
 456              	.LVL28:
 204:Src/usart.c   **** 
 457              		.loc 1 204 0
 458 0048 206B     		ldr	r0, [r4, #48]
 459 004a FFF7FEFF 		bl	HAL_DMA_DeInit
 460              	.LVL29:
 207:Src/usart.c   ****   /* USER CODE BEGIN USART3_MspDeInit 1 */
 461              		.loc 1 207 0
 462 004e 2720     		movs	r0, #39
 463 0050 FFF7FEFF 		bl	HAL_NVIC_DisableIRQ
 464              	.LVL30:
 465              		.loc 1 212 0
 466 0054 DDE7     		b	.L25
 467              	.L32:
 468 0056 00BF     		.align	2
 469              	.L31:
 470 0058 00380140 		.word	1073821696
 471 005c 00480040 		.word	1073760256
 472 0060 00080140 		.word	1073809408
 473 0064 000C0140 		.word	1073810432
 474              		.cfi_endproc
 475              	.LFE69:
 477              		.comm	hdma_usart3_tx,68,4
 478              		.comm	hdma_usart3_rx,68,4
 479              		.comm	huart3,64,4
 480              		.comm	huart1,64,4
 481              		.text
 482              	.Letext0:
 483              		.file 2 "c:\\program files (x86)\\embedded toolchain\\gnu tools arm embedded\\7 2017-q4-major\\arm
 484              		.file 3 "c:\\program files (x86)\\embedded toolchain\\gnu tools arm embedded\\7 2017-q4-major\\arm
ARM GAS  C:\Users\Patrick\AppData\Local\Temp\ccQK35LJ.s 			page 14


 485              		.file 4 "Drivers/CMSIS/Include/core_cm3.h"
 486              		.file 5 "Drivers/CMSIS/Device/ST/STM32F1xx/Include/system_stm32f1xx.h"
 487              		.file 6 "Drivers/CMSIS/Device/ST/STM32F1xx/Include/stm32f103xb.h"
 488              		.file 7 "c:\\program files (x86)\\embedded toolchain\\gnu tools arm embedded\\7 2017-q4-major\\arm
 489              		.file 8 "c:\\program files (x86)\\embedded toolchain\\gnu tools arm embedded\\7 2017-q4-major\\arm
 490              		.file 9 "c:\\program files (x86)\\embedded toolchain\\gnu tools arm embedded\\7 2017-q4-major\\lib
 491              		.file 10 "c:\\program files (x86)\\embedded toolchain\\gnu tools arm embedded\\7 2017-q4-major\\ar
 492              		.file 11 "Drivers/STM32F1xx_HAL_Driver/Inc/stm32f1xx_hal_def.h"
 493              		.file 12 "Drivers/STM32F1xx_HAL_Driver/Inc/stm32f1xx_hal_gpio.h"
 494              		.file 13 "Drivers/STM32F1xx_HAL_Driver/Inc/stm32f1xx_hal_dma.h"
 495              		.file 14 "Drivers/STM32F1xx_HAL_Driver/Inc/stm32f1xx_hal_uart.h"
 496              		.file 15 "Drivers/STM32F1xx_HAL_Driver/Inc/stm32f1xx_hal.h"
 497              		.file 16 "Inc/usart.h"
 498              		.file 17 "Drivers/STM32F1xx_HAL_Driver/Inc/stm32f1xx_hal_cortex.h"
 499              		.file 18 "Inc/main.h"
ARM GAS  C:\Users\Patrick\AppData\Local\Temp\ccQK35LJ.s 			page 15


DEFINED SYMBOLS
                            *ABS*:00000000 usart.c
C:\Users\Patrick\AppData\Local\Temp\ccQK35LJ.s:16     .text.MX_USART1_UART_Init:00000000 $t
C:\Users\Patrick\AppData\Local\Temp\ccQK35LJ.s:23     .text.MX_USART1_UART_Init:00000000 MX_USART1_UART_Init
C:\Users\Patrick\AppData\Local\Temp\ccQK35LJ.s:72     .text.MX_USART1_UART_Init:0000002c $d
                            *COM*:00000040 huart1
C:\Users\Patrick\AppData\Local\Temp\ccQK35LJ.s:78     .text.MX_USART3_UART_Init:00000000 $t
C:\Users\Patrick\AppData\Local\Temp\ccQK35LJ.s:85     .text.MX_USART3_UART_Init:00000000 MX_USART3_UART_Init
C:\Users\Patrick\AppData\Local\Temp\ccQK35LJ.s:133    .text.MX_USART3_UART_Init:0000002c $d
                            *COM*:00000040 huart3
C:\Users\Patrick\AppData\Local\Temp\ccQK35LJ.s:139    .text.HAL_UART_MspInit:00000000 $t
C:\Users\Patrick\AppData\Local\Temp\ccQK35LJ.s:146    .text.HAL_UART_MspInit:00000000 HAL_UART_MspInit
C:\Users\Patrick\AppData\Local\Temp\ccQK35LJ.s:380    .text.HAL_UART_MspInit:00000138 $d
                            *COM*:00000044 hdma_usart3_rx
                            *COM*:00000044 hdma_usart3_tx
C:\Users\Patrick\AppData\Local\Temp\ccQK35LJ.s:393    .text.HAL_UART_MspDeInit:00000000 $t
C:\Users\Patrick\AppData\Local\Temp\ccQK35LJ.s:400    .text.HAL_UART_MspDeInit:00000000 HAL_UART_MspDeInit
C:\Users\Patrick\AppData\Local\Temp\ccQK35LJ.s:470    .text.HAL_UART_MspDeInit:00000058 $d

UNDEFINED SYMBOLS
HAL_UART_Init
Error_Handler
HAL_GPIO_Init
HAL_DMA_Init
HAL_NVIC_SetPriority
HAL_NVIC_EnableIRQ
HAL_GPIO_DeInit
HAL_DMA_DeInit
HAL_NVIC_DisableIRQ
